<?xml version="1.0" encoding="UTF-8"?>
<!-- Generated by org.testng.reporters.JUnitXMLReporter -->
<testsuite ignored="0" hostname="DESKTOP-LG3CNSM" failures="0" tests="8" name="Test" time="15.976" errors="0" timestamp="2022-03-15T13:51:48 GMT-04:00">
  <testcase classname="lMSRestAssured.PutData" name="putNewProgramDetails" time="6.468"/>
  <testcase classname="lMSRestAssured.Postdatadriven" name="postdata" time="0.469"/>
  <testcase classname="lMSRestAssured.Postdatadriven" name="postdata" time="0.43"/>
  <testcase classname="lMSRestAssured.Postdatadriven" name="postdata" time="0.454"/>
  <testcase classname="lMSRestAssured.LmsGetAll" name="Test_03" time="2.22"/>
  <testcase classname="lMSRestAssured.LmsGetAll" name="Test_04" time="0.501"/>
  <testcase classname="lMSRestAssured.PostData" name="TC_01" time="0.356"/>
  <testcase classname="lMSRestAssured.GetData" name="test_01" time="0.203"/>
</testsuite> <!-- Test -->
