<?xml version="1.0" encoding="UTF-8"?>
<testng-results ignored="0" total="1" passed="1" failed="0" skipped="0">
  <reporter-output>
  </reporter-output>
  <suite started-at="2022-04-28T19:41:44 GMT-04:00" name="Default suite" finished-at="2022-04-28T19:41:49 GMT-04:00" duration-ms="4832">
    <groups>
    </groups>
    <test started-at="2022-04-28T19:41:44 GMT-04:00" name="Default test" finished-at="2022-04-28T19:41:49 GMT-04:00" duration-ms="4832">
      <class name="jobsapiRestAssured.JobsApiGet">
        <test-method signature="jobsget()[pri:0, instance:jobsapiRestAssured.JobsApiGet@192d43ce]" started-at="2022-04-28T19:41:44 GMT-04:00" name="jobsget" finished-at="2022-04-28T19:41:49 GMT-04:00" duration-ms="4722" status="PASS">
          <reporter-output>
          </reporter-output>
        </test-method> <!-- jobsget -->
      </class> <!-- jobsapiRestAssured.JobsApiGet -->
    </test> <!-- Default test -->
  </suite> <!-- Default suite -->
</testng-results>
