<?xml version="1.0" encoding="UTF-8"?>
<!-- Generated by org.testng.reporters.JUnitXMLReporter -->
<testsuite ignored="0" hostname="DESKTOP-LG3CNSM" failures="0" tests="7" name="Test" time="9.681" errors="0" timestamp="2022-03-15T13:45:12 GMT-04:00">
  <testcase classname="jobsapiRestAssured.JobsApiGet" name="jobsget" time="5.462"/>
  <testcase classname="jobsapiRestAssured.JobsPost" name="JobsPostData" time="0.367"/>
  <testcase classname="jobsapiRestAssured.JobsPost" name="JobsPostData" time="0.2"/>
  <testcase classname="jobsapiRestAssured.JobsPut" name="JobsPutData" time="0.217"/>
  <testcase classname="jobsapiRestAssured.JobsPut" name="JobsPutData" time="0.222"/>
  <testcase classname="jobsapiRestAssured.JobsPut" name="JobsPutData" time="0.227"/>
  <testcase classname="jobsapiRestAssured.JobsDelete" name="JobsDeleteData" time="0.22"/>
</testsuite> <!-- Test -->
